  socket_client.cpp
G:\SOCKET\socket_client\socket_client\pack.h(146,26): warning C4267: “初始化”: 从“size_t”转换到“int”，可能丢失数据
G:\SOCKET\socket_client\socket_client\pack.h(147,28): warning C4267: “初始化”: 从“size_t”转换到“int”，可能丢失数据
G:\SOCKET\socket_client\socket_client\pack.h(148,27): warning C4267: “初始化”: 从“size_t”转换到“int”，可能丢失数据
G:\SOCKET\socket_client\socket_client\pack.h(149,32): warning C4267: “初始化”: 从“size_t”转换到“int”，可能丢失数据
G:\SOCKET\socket_client\socket_client\pack.h(187,31): warning C4267: “初始化”: 从“size_t”转换到“int”，可能丢失数据
G:\SOCKET\socket_client\socket_client\pack.h(188,30): warning C4267: “初始化”: 从“size_t”转换到“int”，可能丢失数据
G:\SOCKET\socket_client\socket_client\pack.h(189,36): warning C4267: “初始化”: 从“size_t”转换到“int”，可能丢失数据
G:\SOCKET\socket_client\socket_client\pack.h(190,28): warning C4267: “初始化”: 从“size_t”转换到“int”，可能丢失数据
G:\SOCKET\socket_client\socket_client\pack.h(228,21): warning C4267: “初始化”: 从“size_t”转换到“int”，可能丢失数据
G:\SOCKET\socket_client\socket_client\Im_user.h(227,99): warning C4267: “初始化”: 从“size_t”转换到“int”，可能丢失数据
G:\SOCKET\socket_client\socket_client\Im_user.h(253,26): warning C4267: “初始化”: 从“size_t”转换到“int”，可能丢失数据
G:\SOCKET\socket_client\socket_client\Im_user.h(273,24): warning C4267: “初始化”: 从“size_t”转换到“int”，可能丢失数据
G:\SOCKET\socket_client\socket_client\Im_user.h(296,24): warning C4267: “初始化”: 从“size_t”转换到“int”，可能丢失数据
G:\SOCKET\socket_client\socket_client\MD5.h(97,34): warning C4267: “初始化”: 从“size_t”转换到“unsigned int”，可能丢失数据
G:\SOCKET\socket_client\socket_client\socket_client.cpp(84,6): warning C4101: “type_t”: 未引用的局部变量
  正在生成代码
  1 of 156 functions ( 0.6%) were compiled, the rest were copied from previous compilation.
    0 functions were new in current compilation
    1 functions had inline decision re-evaluated but remain unchanged
  已完成代码的生成
  socket_client.vcxproj -> G:\SOCKET\socket_client\x64\Release\socket_client.exe
